<?xml version="1.0" encoding="UTF-8"?>
<!-- Generated by org.testng.reporters.JUnitReportReporter -->
<testsuite hostname="Kishores-MacBook-Air.local" failures="0" tests="1" name="com.examarlyRewardsModule.DatabaseTest" time="1.564" errors="0" timestamp="2022-10-21T18:16:52 IST" skipped="0">
  <testcase classname="com.examarlyRewardsModule.DatabaseTest" name="MySQLTest" time="1.564"/>
  <system-out/>
</testsuite> <!-- com.examarlyRewardsModule.DatabaseTest -->
