<?xml version="1.0" encoding="UTF-8"?>
<!-- Generated by org.testng.reporters.JUnitReportReporter -->
<testsuite hostname="Kishores-MacBook-Air.local" failures="0" tests="5" name="com.examarly.HomePage" time="326.502" errors="0" timestamp="2022-10-13T13:42:17 IST" skipped="0">
  <testcase classname="com.examarly.HomePage" name="About" time="12.436"/>
  <system-out/>
  <testcase classname="com.examarly.HomePage" name="Contact" time="31.656"/>
  <system-out/>
  <testcase classname="com.examarly.HomePage" name="FAQ" time="26.494"/>
  <system-out/>
  <testcase classname="com.examarly.HomePage" name="Landingpage" time="218.132"/>
  <system-out/>
  <testcase classname="com.examarly.HomePage" name="BLOG" time="37.784"/>
  <system-out/>
</testsuite> <!-- com.examarly.HomePage -->
