<?xml version="1.0" encoding="UTF-8"?>
<!-- Generated by org.testng.reporters.JUnitReportReporter -->
<testsuite hostname="Kishores-MacBook-Air.local" failures="0" tests="1" name="com.examarlyRewardsModule.DatabaseTest" time="2.031" errors="0" timestamp="2022-10-20T13:35:34 IST" skipped="0">
  <testcase classname="com.examarlyRewardsModule.DatabaseTest" name="MySQLTest" time="2.031"/>
  <system-out/>
</testsuite> <!-- com.examarlyRewardsModule.DatabaseTest -->
